<?xml version="1.0" encoding="utf-8"?><testsuites name="pytest tests"><testsuite name="pytest" errors="0" failures="0" skipped="0" tests="30" time="7.719" timestamp="2026-08-16T17:06:21.439878+00:00" hostname="agent-env-3475d9bc-3904-4a46-8228-5579346e493a"><testcase classname="tests.backend_test.TestAuth" name="test_admin_login" time="0.676" /><testcase classname="tests.backend_test.TestAdmin" name="test_admin_stats" time="0.680" /><testcase classname="tests.backend_test.TestAuth" name="test_login_invalid" time="0.332" /><testcase classname="tests.backend_test.TestAdmin" name="test_admin_users" time="0.351" /><testcase classname="tests.backend_test.TestAuth" name="test_me_requires_auth" time="0.127" /><testcase classname="tests.backend_test.TestAdmin" name="test_admin_products_and_imei" time="1.072" /><testcase classname="tests.backend_test.TestAuth" name="test_me_with_token" time="0.617" /><testcase classname="tests.backend_test.TestAuth" name="test_register_flow_and_verify" time="1.170" /><testcase classname="tests.backend_test.TestAdmin" name="test_admin_settings_get_put" time="0.401" /><testcase classname="tests.backend_test.TestAdmin" name="test_admin_category_crud" time="0.559" /><testcase classname="tests.backend_test.TestAuth" name="test_register_password_mismatch" time="0.103" /><testcase classname="tests.backend_test.TestAuth" name="test_register_duplicate_username" time="0.110" /><testcase classname="tests.backend_test.TestAdmin" name="test_admin_verifications" time="0.112" /><testcase classname="tests.backend_test.TestAuth" name="test_register_no_terms" time="0.103" /><testcase classname="tests.backend_test.TestAdmin" name="test_non_admin_forbidden" time="0.456" /><testcase classname="tests.backend_test.TestSellerProducts" name="test_seller_dashboard" time="0.729" /><testcase classname="tests.backend_test.TestSellerProducts" name="test_dashboard_non_seller_forbidden" time="1.248" /><testcase classname="tests.backend_test.TestInteractions" name="test_favorites_toggle" time="0.833" /><testcase classname="tests.backend_test.TestInteractions" name="test_conversation_and_message" time="0.806" /><testcase classname="tests.backend_test.TestSellerProducts" name="test_create_and_get_product_imei_private" time="0.331" /><testcase classname="tests.backend_test.TestInteractions" name="test_review_flow" time="0.488" /><testcase classname="tests.backend_test.TestSellerProducts" name="test_product_filters_sort" time="0.240" /><testcase classname="tests.backend_test.TestInteractions" name="test_report" time="0.130" /><testcase classname="tests.backend_test.TestInteractions" name="test_notifications" time="0.339" /><testcase classname="tests.backend_test.TestSellerProducts" name="test_edit_mark_sold_restore_delete" time="1.029" /><testcase classname="tests.backend_test.TestPublicSeller" name="test_public_seller" time="0.102" /><testcase classname="tests.backend_test.TestAuthorization" name="test_unauth_protected" time="0.639" /><testcase classname="tests.backend_test.TestMeta" name="test_config" time="0.125" /><testcase classname="tests.backend_test.TestMeta" name="test_categories" time="0.119" /><testcase classname="tests.backend_test.TestMeta" name="test_locations" time="0.107" /></testsuite></testsuites>